c:\users\linkdens\source\repos\saraff.twain.ds.directx\saraff.twain.ds_x86\obj\win32\release\vc143.pdb
c:\users\linkdens\source\repos\saraff.twain.ds.directx\saraff.twain.ds_x86\obj\win32\release\main.obj
c:\users\linkdens\source\repos\saraff.twain.ds.directx\saraff.twain.ds_x86\obj\win32\release\installer1.obj
c:\users\linkdens\source\repos\saraff.twain.ds.directx\saraff.twain.ds_x86\obj\win32\release\.netframework,version=v4.7.2.assemblyattributes.obj
c:\users\linkdens\source\repos\saraff.twain.ds.directx\saraff.twain.ds_x86\bin\win32\release\saraff.twain.ds.dll
c:\users\linkdens\source\repos\saraff.twain.ds.directx\saraff.twain.ds_x86\bin\win32\release\saraff.twain.ds.xml
c:\users\linkdens\source\repos\saraff.twain.ds.directx\saraff.twain.ds_x86\bin\win32\release\saraff.twain.ds_x86.ds
c:\users\linkdens\source\repos\saraff.twain.ds.directx\saraff.twain.ds_x86\bin\win32\release\saraff.twain.ds_x86.pdb
c:\users\linkdens\source\repos\saraff.twain.ds.directx\saraff.twain.ds_x86\bin\win32\release\saraff.twain.ds_x86.lib
c:\users\linkdens\source\repos\saraff.twain.ds.directx\saraff.twain.ds_x86\bin\win32\release\saraff.twain.ds_x86.exp
c:\users\linkdens\source\repos\saraff.twain.ds.directx\saraff.twain.ds_x86\obj\win32\release\saraff.t.2da28800.tlog\cl.command.1.tlog
c:\users\linkdens\source\repos\saraff.twain.ds.directx\saraff.twain.ds_x86\obj\win32\release\saraff.t.2da28800.tlog\cl.items.tlog
c:\users\linkdens\source\repos\saraff.twain.ds.directx\saraff.twain.ds_x86\obj\win32\release\saraff.t.2da28800.tlog\cl.read.1.tlog
c:\users\linkdens\source\repos\saraff.twain.ds.directx\saraff.twain.ds_x86\obj\win32\release\saraff.t.2da28800.tlog\cl.write.1.tlog
c:\users\linkdens\source\repos\saraff.twain.ds.directx\saraff.twain.ds_x86\obj\win32\release\saraff.t.2da28800.tlog\copylocal.read.1u.tlog
c:\users\linkdens\source\repos\saraff.twain.ds.directx\saraff.twain.ds_x86\obj\win32\release\saraff.t.2da28800.tlog\copylocal.write.1u.tlog
c:\users\linkdens\source\repos\saraff.twain.ds.directx\saraff.twain.ds_x86\obj\win32\release\saraff.t.2da28800.tlog\link.command.1.tlog
c:\users\linkdens\source\repos\saraff.twain.ds.directx\saraff.twain.ds_x86\obj\win32\release\saraff.t.2da28800.tlog\link.read.1.tlog
c:\users\linkdens\source\repos\saraff.twain.ds.directx\saraff.twain.ds_x86\obj\win32\release\saraff.t.2da28800.tlog\link.secondary.1.tlog
c:\users\linkdens\source\repos\saraff.twain.ds.directx\saraff.twain.ds_x86\obj\win32\release\saraff.t.2da28800.tlog\link.write.1.tlog
c:\users\linkdens\source\repos\saraff.twain.ds.directx\saraff.twain.ds_x86\obj\win32\release\saraff.t.2da28800.tlog\metagen.read.1.tlog
c:\users\linkdens\source\repos\saraff.twain.ds.directx\saraff.twain.ds_x86\obj\win32\release\saraff.t.2da28800.tlog\metagen.write.1.tlog
