c:\users\linkdens\source\repos\saraff.twain.ds.directx\saraff.twain.ds_x64\obj\x64\release\vc143.pdb
c:\users\linkdens\source\repos\saraff.twain.ds.directx\saraff.twain.ds_x64\obj\x64\release\main.obj
c:\users\linkdens\source\repos\saraff.twain.ds.directx\saraff.twain.ds_x64\obj\x64\release\installer1.obj
c:\users\linkdens\source\repos\saraff.twain.ds.directx\saraff.twain.ds_x64\obj\x64\release\.netframework,version=v4.7.2.assemblyattributes.obj
c:\users\linkdens\source\repos\saraff.twain.ds.directx\saraff.twain.ds_x64\bin\x64\release\saraff.twain.ds.dll
c:\users\linkdens\source\repos\saraff.twain.ds.directx\saraff.twain.ds_x64\bin\x64\release\saraff.twain.ds.xml
c:\users\linkdens\source\repos\saraff.twain.ds.directx\saraff.twain.ds_x64\bin\x64\release\saraff.twain.ds_x64.ds
c:\users\linkdens\source\repos\saraff.twain.ds.directx\saraff.twain.ds_x64\bin\x64\release\saraff.twain.ds_x64.pdb
c:\users\linkdens\source\repos\saraff.twain.ds.directx\saraff.twain.ds_x64\bin\x64\release\saraff.twain.ds_x64.lib
c:\users\linkdens\source\repos\saraff.twain.ds.directx\saraff.twain.ds_x64\bin\x64\release\saraff.twain.ds_x64.exp
c:\users\linkdens\source\repos\saraff.twain.ds.directx\saraff.twain.ds_x64\obj\x64\release\saraff.t.8467bc89.tlog\cl.command.1.tlog
c:\users\linkdens\source\repos\saraff.twain.ds.directx\saraff.twain.ds_x64\obj\x64\release\saraff.t.8467bc89.tlog\cl.items.tlog
c:\users\linkdens\source\repos\saraff.twain.ds.directx\saraff.twain.ds_x64\obj\x64\release\saraff.t.8467bc89.tlog\cl.read.1.tlog
c:\users\linkdens\source\repos\saraff.twain.ds.directx\saraff.twain.ds_x64\obj\x64\release\saraff.t.8467bc89.tlog\cl.write.1.tlog
c:\users\linkdens\source\repos\saraff.twain.ds.directx\saraff.twain.ds_x64\obj\x64\release\saraff.t.8467bc89.tlog\copylocal.read.1u.tlog
c:\users\linkdens\source\repos\saraff.twain.ds.directx\saraff.twain.ds_x64\obj\x64\release\saraff.t.8467bc89.tlog\copylocal.write.1u.tlog
c:\users\linkdens\source\repos\saraff.twain.ds.directx\saraff.twain.ds_x64\obj\x64\release\saraff.t.8467bc89.tlog\link.command.1.tlog
c:\users\linkdens\source\repos\saraff.twain.ds.directx\saraff.twain.ds_x64\obj\x64\release\saraff.t.8467bc89.tlog\link.read.1.tlog
c:\users\linkdens\source\repos\saraff.twain.ds.directx\saraff.twain.ds_x64\obj\x64\release\saraff.t.8467bc89.tlog\link.secondary.1.tlog
c:\users\linkdens\source\repos\saraff.twain.ds.directx\saraff.twain.ds_x64\obj\x64\release\saraff.t.8467bc89.tlog\link.write.1.tlog
c:\users\linkdens\source\repos\saraff.twain.ds.directx\saraff.twain.ds_x64\obj\x64\release\saraff.t.8467bc89.tlog\metagen.read.1.tlog
c:\users\linkdens\source\repos\saraff.twain.ds.directx\saraff.twain.ds_x64\obj\x64\release\saraff.t.8467bc89.tlog\metagen.write.1.tlog
